<?xml version="1.0" encoding="UTF-8"?>
<testng-results skipped="0" failed="0" ignored="0" total="1" passed="1">
  <reporter-output>
  </reporter-output>
  <suite name="Default suite" duration-ms="43660" started-at="2023-09-15T13:55:33Z" finished-at="2023-09-15T13:56:17Z">
    <groups>
    </groups>
    <test name="Default test" duration-ms="43660" started-at="2023-09-15T13:55:33Z" finished-at="2023-09-15T13:56:17Z">
      <class name="org.Day1Tasks.Lunch">
        <test-method status="PASS" signature="urllunch()[pri:0, instance:org.Day1Tasks.Lunch@4cf777e8]" name="urllunch" is-config="true" duration-ms="26472" started-at="2023-09-15T19:25:33Z" finished-at="2023-09-15T19:25:59Z">
          <reporter-output>
          </reporter-output>
        </test-method> <!-- urllunch -->
        <test-method status="PASS" signature="date()[pri:0, instance:org.Day1Tasks.Lunch@4cf777e8]" name="date" is-config="true" duration-ms="93" started-at="2023-09-15T19:25:59Z" finished-at="2023-09-15T19:26:00Z">
          <reporter-output>
          </reporter-output>
        </test-method> <!-- date -->
        <test-method status="PASS" signature="code()[pri:0, instance:org.Day1Tasks.Lunch@4cf777e8]" name="code" duration-ms="16985" started-at="2023-09-15T19:26:00Z" finished-at="2023-09-15T19:26:17Z">
          <reporter-output>
          </reporter-output>
        </test-method> <!-- code -->
      </class> <!-- org.Day1Tasks.Lunch -->
    </test> <!-- Default test -->
  </suite> <!-- Default suite -->
</testng-results>
