<?xml version="1.0" encoding="UTF-8"?>
<testng-results skipped="0" failed="0" ignored="0" total="1" passed="1">
  <reporter-output>
  </reporter-output>
  <suite name="Default suite" duration-ms="33260" started-at="2023-09-21T16:40:26Z" finished-at="2023-09-21T16:41:00Z">
    <groups>
    </groups>
    <test name="Default test" duration-ms="33260" started-at="2023-09-21T16:40:26Z" finished-at="2023-09-21T16:41:00Z">
      <class name="Lunch.TestClass">
        <test-method status="PASS" signature="edge()[pri:0, instance:Lunch.TestClass@4cf777e8]" name="edge" is-config="true" duration-ms="26743" started-at="2023-09-21T22:10:26Z" finished-at="2023-09-21T22:10:53Z">
          <reporter-output>
          </reporter-output>
        </test-method> <!-- edge -->
        <test-method status="PASS" signature="bef()[pri:0, instance:Lunch.TestClass@4cf777e8]" name="bef" is-config="true" duration-ms="16" started-at="2023-09-21T22:10:53Z" finished-at="2023-09-21T22:10:53Z">
          <reporter-output>
          </reporter-output>
        </test-method> <!-- bef -->
        <test-method status="PASS" signature="test()[pri:0, instance:Lunch.TestClass@4cf777e8]" name="test" duration-ms="6315" started-at="2023-09-21T22:10:53Z" finished-at="2023-09-21T22:11:00Z">
          <reporter-output>
          </reporter-output>
        </test-method> <!-- test -->
        <test-method status="PASS" signature="af()[pri:0, instance:Lunch.TestClass@4cf777e8]" name="af" is-config="true" duration-ms="0" started-at="2023-09-21T22:11:00Z" finished-at="2023-09-21T22:11:00Z">
          <reporter-output>
          </reporter-output>
        </test-method> <!-- af -->
      </class> <!-- Lunch.TestClass -->
    </test> <!-- Default test -->
  </suite> <!-- Default suite -->
</testng-results>
