<?xml version="1.0" encoding="UTF-8"?>
<!-- Generated by org.testng.reporters.JUnitXMLReporter -->
<testsuite hostname="DESKTOP-ETQ7N34" ignored="1" name="Test1" tests="8" failures="0" timestamp="04 Sep 2023 06:40:30 GMT" time="0.626" errors="0">
  <testcase name="A2" time="0.05" classname="org.Abc.A"/>
  <testcase name="b1" time="0.018" classname="org.Abc.B"/>
  <testcase name="b2" time="0.047" classname="org.Abc.B"/>
  <testcase name="b3" time="0.003" classname="org.Abc.B"/>
  <testcase name="c1" time="0.003" classname="org.Abc.C"/>
  <testcase name="c2" time="0.003" classname="org.Abc.C"/>
  <testcase name="c3" time="0.003" classname="org.Abc.C"/>
  <testcase name="A1" time="0.004" classname="org.Abc.A"/>
  <testcase name="A3" time="0.0" classname="org.Abc.A">
    <ignored/>
  </testcase> <!-- A3 -->
</testsuite> <!-- Test1 -->
