<?xml version="1.0" encoding="UTF-8"?>
<!-- Generated by org.testng.reporters.JUnitXMLReporter -->
<testsuite hostname="DESKTOP-ETQ7N34" ignored="1" name="Test2" tests="8" failures="0" timestamp="04 Sep 2023 06:40:30 GMT" time="0.851" errors="0">
  <testcase name="A2" time="0.043" classname="org.Abc.A"/>
  <testcase name="b1" time="0.007" classname="org.Abc.B"/>
  <testcase name="b2" time="0.026" classname="org.Abc.B"/>
  <testcase name="b3" time="0.007" classname="org.Abc.B"/>
  <testcase name="c1" time="0.008" classname="org.Abc.C"/>
  <testcase name="c2" time="0.005" classname="org.Abc.C"/>
  <testcase name="c3" time="0.013" classname="org.Abc.C"/>
  <testcase name="A1" time="0.255" classname="org.Abc.A"/>
  <testcase name="A3" time="0.0" classname="org.Abc.A">
    <ignored/>
  </testcase> <!-- A3 -->
</testsuite> <!-- Test2 -->
