<?xml version="1.0" encoding="UTF-8"?>
<testng-results skipped="0" failed="0" ignored="0" total="2" passed="2">
  <reporter-output>
  </reporter-output>
  <suite name="Default suite" duration-ms="30506" started-at="2023-09-10T05:17:55Z" finished-at="2023-09-10T05:18:26Z">
    <groups>
    </groups>
    <test name="Default test" duration-ms="30506" started-at="2023-09-10T05:17:55Z" finished-at="2023-09-10T05:18:26Z">
      <class name="org.lanuch.launch">
        <test-method status="PASS" signature="url()[pri:0, instance:org.lanuch.launch@402a079c]" name="url" is-config="true" duration-ms="18150" started-at="2023-09-10T10:47:55Z" finished-at="2023-09-10T10:48:13Z">
          <reporter-output>
          </reporter-output>
        </test-method> <!-- url -->
        <test-method status="PASS" signature="test1()[pri:0, instance:org.lanuch.launch@402a079c]" name="test1" duration-ms="8371" started-at="2023-09-10T10:48:13Z" finished-at="2023-09-10T10:48:22Z">
          <reporter-output>
          </reporter-output>
        </test-method> <!-- test1 -->
        <test-method status="PASS" signature="test2()[pri:0, instance:org.lanuch.launch@402a079c]" name="test2" duration-ms="3907" started-at="2023-09-10T10:48:22Z" finished-at="2023-09-10T10:48:26Z">
          <reporter-output>
          </reporter-output>
        </test-method> <!-- test2 -->
      </class> <!-- org.lanuch.launch -->
    </test> <!-- Default test -->
  </suite> <!-- Default suite -->
</testng-results>
