<?xml version="1.0" encoding="UTF-8"?>
<!-- Generated by org.testng.reporters.JUnitXMLReporter -->
<testsuite hostname="DESKTOP-ETQ7N34" name="Test" tests="9" failures="0" timestamp="29 Aug 2023 05:44:35 GMT" time="0.729" errors="0">
  <testcase name="a1" time="0.139" classname="org.abc.A"/>
  <testcase name="a2" time="0.016" classname="org.abc.A"/>
  <testcase name="a3" time="0.015" classname="org.abc.A"/>
  <testcase name="b1" time="0.011" classname="org.abc.B"/>
  <testcase name="b2" time="0.014" classname="org.abc.B"/>
  <testcase name="b3" time="0.013" classname="org.abc.B"/>
  <testcase name="c1" time="0.004" classname="org.abc.C"/>
  <testcase name="c2" time="0.008" classname="org.abc.C"/>
  <testcase name="c3" time="0.004" classname="org.abc.C"/>
</testsuite> <!-- Test -->
